[15:18:15.543] INFO  ContextLoader.initWebApplicationContext(ContextLoader.java:270) - Root WebApplicationContext: initialization started
[15:18:15.640] INFO  AbstractApplicationContext.prepareRefresh(AbstractApplicationContext.java:590) - Refreshing Root WebApplicationContext: startup date [Tue Dec 19 15:18:15 KST 2023]; root of context hierarchy
[15:18:15.732] INFO  XmlBeanDefinitionReader.loadBeanDefinitions(XmlBeanDefinitionReader.java:316) - Loading XML bean definitions from ServletContext resource [/WEB-INF/spring/root-context.xml]
[15:18:17.148] INFO  ContextLoader.initWebApplicationContext(ContextLoader.java:310) - Root WebApplicationContext: initialization completed in 1601 ms
[15:18:17.213] INFO  FrameworkServlet.initServletBean(FrameworkServlet.java:494) - FrameworkServlet 'appServlet': initialization started
[15:18:17.217] INFO  AbstractApplicationContext.prepareRefresh(AbstractApplicationContext.java:590) - Refreshing WebApplicationContext for namespace 'appServlet-servlet': startup date [Tue Dec 19 15:18:17 KST 2023]; parent: Root WebApplicationContext
[15:18:17.217] INFO  XmlBeanDefinitionReader.loadBeanDefinitions(XmlBeanDefinitionReader.java:316) - Loading XML bean definitions from ServletContext resource [/WEB-INF/spring/appServlet/servlet-context.xml]
[15:18:17.924] INFO  AutowiredAnnotationBeanPostProcessor.<init>(AutowiredAnnotationBeanPostProcessor.java:154) - JSR-330 'javax.inject.Inject' annotation found and supported for autowiring
[15:18:18.226] INFO  AbstractHandlerMethodMapping$MappingRegistry.register(AbstractHandlerMethodMapping.java:547) - Mapped "{[/board/viewArticle],methods=[GET]}" onto public java.lang.String com.dialoguespace.board.BoardController.toViewPage(int,int,org.springframework.ui.Model)
[15:18:18.227] INFO  AbstractHandlerMethodMapping$MappingRegistry.register(AbstractHandlerMethodMapping.java:547) - Mapped "{[/board/toList],methods=[GET]}" onto public java.lang.String com.dialoguespace.board.BoardController.toListPage(java.lang.String,java.lang.String,java.lang.String,int,int,org.springframework.ui.Model) throws java.lang.Exception
[15:18:18.228] INFO  AbstractHandlerMethodMapping$MappingRegistry.register(AbstractHandlerMethodMapping.java:547) - Mapped "{[/board/delArticle],methods=[GET]}" onto public java.lang.String com.dialoguespace.board.BoardController.delArticle(int,int,char,char)
[15:18:18.229] INFO  AbstractHandlerMethodMapping$MappingRegistry.register(AbstractHandlerMethodMapping.java:547) - Mapped "{[/board/toWrite],methods=[GET]}" onto public java.lang.String com.dialoguespace.board.BoardController.toWritePage(int,java.lang.String,java.lang.String,org.springframework.ui.Model)
[15:18:18.229] INFO  AbstractHandlerMethodMapping$MappingRegistry.register(AbstractHandlerMethodMapping.java:547) - Mapped "{[/board/selDelArticle],methods=[POST]}" onto public java.lang.String com.dialoguespace.board.BoardController.selDelArticle(java.lang.String[])
[15:18:18.230] INFO  AbstractHandlerMethodMapping$MappingRegistry.register(AbstractHandlerMethodMapping.java:547) - Mapped "{[/board/write.do],methods=[POST]}" onto public java.lang.String com.dialoguespace.board.BoardController.writeArticle(com.dialoguespace.board.BoardDTO,org.springframework.web.multipart.MultipartFile[],org.springframework.ui.Model,javax.servlet.http.HttpServletRequest) throws java.io.IOException
[15:18:18.230] INFO  AbstractHandlerMethodMapping$MappingRegistry.register(AbstractHandlerMethodMapping.java:547) - Mapped "{[/board/edit.do],methods=[POST]}" onto public java.lang.String com.dialoguespace.board.BoardController.editArticle(com.dialoguespace.board.BoardDTO,int,org.springframework.web.multipart.MultipartFile[],java.lang.String[],org.springframework.ui.Model,javax.servlet.http.HttpServletRequest) throws java.lang.Exception
[15:18:18.231] INFO  AbstractHandlerMethodMapping$MappingRegistry.register(AbstractHandlerMethodMapping.java:547) - Mapped "{[/board/editArticle],methods=[GET]}" onto public java.lang.String com.dialoguespace.board.BoardController.toEditPage(int,int,org.springframework.ui.Model)
[15:18:18.236] INFO  AbstractHandlerMethodMapping$MappingRegistry.register(AbstractHandlerMethodMapping.java:547) - Mapped "{[/comment/list],methods=[POST]}" onto public java.util.List<com.dialoguespace.comment.CommentDTO> com.dialoguespace.comment.CommentController.cmtListByBoardseq(int,char,org.springframework.ui.Model)
[15:18:18.237] INFO  AbstractHandlerMethodMapping$MappingRegistry.register(AbstractHandlerMethodMapping.java:547) - Mapped "{[/comment/searchList],methods=[POST]}" onto public java.util.List<com.dialoguespace.comment.CommentDTO> com.dialoguespace.comment.CommentController.cmtListBySearchcondition(org.springframework.ui.Model)
[15:18:18.237] INFO  AbstractHandlerMethodMapping$MappingRegistry.register(AbstractHandlerMethodMapping.java:547) - Mapped "{[/comment/toPwCheck],methods=[GET]}" onto public java.lang.String com.dialoguespace.comment.CommentController.toPwCheckPage(org.springframework.ui.Model)
[15:18:18.237] INFO  AbstractHandlerMethodMapping$MappingRegistry.register(AbstractHandlerMethodMapping.java:547) - Mapped "{[/comment/myList],methods=[GET]}" onto public java.lang.String com.dialoguespace.comment.CommentController.myList(java.lang.String,java.lang.String,int,int,java.lang.String,org.springframework.ui.Model)
[15:18:18.238] INFO  AbstractHandlerMethodMapping$MappingRegistry.register(AbstractHandlerMethodMapping.java:547) - Mapped "{[/comment/delete.do],methods=[GET]}" onto public int com.dialoguespace.comment.CommentController.deleteCmt(int,int,int,char)
[15:18:18.238] INFO  AbstractHandlerMethodMapping$MappingRegistry.register(AbstractHandlerMethodMapping.java:547) - Mapped "{[/comment/write.do],methods=[POST]}" onto public java.lang.String com.dialoguespace.comment.CommentController.writeComment(com.dialoguespace.comment.CommentDTO,org.springframework.ui.Model)
[15:18:18.238] INFO  AbstractHandlerMethodMapping$MappingRegistry.register(AbstractHandlerMethodMapping.java:547) - Mapped "{[/comment/editProc.do],methods=[GET]}" onto public int com.dialoguespace.comment.CommentController.editCmt(int,int,java.lang.String)
[15:18:18.239] INFO  AbstractHandlerMethodMapping$MappingRegistry.register(AbstractHandlerMethodMapping.java:547) - Mapped "{[/comment/listReply],methods=[GET]}" onto public java.util.List<com.dialoguespace.comment.CommentDTO> com.dialoguespace.comment.CommentController.cmtListByPid(int)
[15:18:18.240] INFO  AbstractHandlerMethodMapping$MappingRegistry.register(AbstractHandlerMethodMapping.java:547) - Mapped "{[/comment/passwordCheck],methods=[POST]}" onto public int com.dialoguespace.comment.CommentController.passwordCheck(int,int,java.lang.String)
[15:18:18.241] INFO  AbstractHandlerMethodMapping$MappingRegistry.register(AbstractHandlerMethodMapping.java:547) - Mapped "{[/common/logout],methods=[GET]}" onto public java.lang.String com.dialoguespace.common.CommonController.logout(java.lang.String)
[15:18:18.242] INFO  AbstractHandlerMethodMapping$MappingRegistry.register(AbstractHandlerMethodMapping.java:547) - Mapped "{[/common/delFile],methods=[GET]}" onto public java.lang.String com.dialoguespace.common.CommonController.delFileBySeq(int)
[15:18:18.243] INFO  AbstractHandlerMethodMapping$MappingRegistry.register(AbstractHandlerMethodMapping.java:547) - Mapped "{[/],methods=[GET]}" onto public java.lang.String com.dialoguespace.demo.HomeController.home(java.lang.String,java.util.Locale,org.springframework.ui.Model,javax.servlet.http.HttpServletRequest) throws java.security.NoSuchAlgorithmException,java.security.spec.InvalidKeySpecException
[15:18:18.243] INFO  AbstractHandlerMethodMapping$MappingRegistry.register(AbstractHandlerMethodMapping.java:547) - Mapped "{[/error]}" onto public java.lang.String com.dialoguespace.demo.HomeController.errorPage()
[15:18:18.246] INFO  AbstractHandlerMethodMapping$MappingRegistry.register(AbstractHandlerMethodMapping.java:547) - Mapped "{[/master/home],methods=[GET]}" onto public java.lang.String com.dialoguespace.master.MasterController.home(org.springframework.ui.Model)
[15:18:18.246] INFO  AbstractHandlerMethodMapping$MappingRegistry.register(AbstractHandlerMethodMapping.java:547) - Mapped "{[/master/toMemberList],methods=[GET]}" onto public java.lang.String com.dialoguespace.master.MasterController.memberList(java.lang.String,java.lang.String,int,int,org.springframework.ui.Model) throws java.lang.Exception
[15:18:18.247] INFO  AbstractHandlerMethodMapping$MappingRegistry.register(AbstractHandlerMethodMapping.java:547) - Mapped "{[/master/toBoardList],methods=[GET]}" onto public java.lang.String com.dialoguespace.master.MasterController.boardList(java.lang.String,java.lang.String,java.lang.String,int,int,org.springframework.ui.Model) throws java.lang.Exception
[15:18:18.247] INFO  AbstractHandlerMethodMapping$MappingRegistry.register(AbstractHandlerMethodMapping.java:547) - Mapped "{[/master/toCommentList],methods=[GET]}" onto public java.lang.String com.dialoguespace.master.MasterController.commentList(org.springframework.ui.Model)
[15:18:18.251] INFO  AbstractHandlerMethodMapping$MappingRegistry.register(AbstractHandlerMethodMapping.java:547) - Mapped "{[/member/changePassword],methods=[GET]}" onto public java.lang.String com.dialoguespace.member.MemberController.toChangePasswordPop(java.lang.String,org.springframework.ui.Model) throws java.security.NoSuchAlgorithmException,java.security.spec.InvalidKeySpecException
[15:18:18.251] INFO  AbstractHandlerMethodMapping$MappingRegistry.register(AbstractHandlerMethodMapping.java:547) - Mapped "{[/member/list],methods=[GET]}" onto public java.lang.String com.dialoguespace.member.MemberController.toMemberList(java.lang.String,java.lang.String,int,int,org.springframework.ui.Model) throws java.lang.Exception
[15:18:18.252] INFO  AbstractHandlerMethodMapping$MappingRegistry.register(AbstractHandlerMethodMapping.java:547) - Mapped "{[/member/insertMember.do],methods=[POST]}" onto public java.lang.String com.dialoguespace.member.MemberController.insertMember(com.dialoguespace.member.MemberDTO,org.springframework.web.multipart.MultipartFile[],javax.servlet.http.HttpServletRequest) throws java.lang.Exception
[15:18:18.252] INFO  AbstractHandlerMethodMapping$MappingRegistry.register(AbstractHandlerMethodMapping.java:547) - Mapped "{[/member/selDelMember.do],methods=[POST]}" onto public void com.dialoguespace.member.MemberController.selDelMember(java.lang.String[]) throws java.lang.Exception
[15:18:18.252] INFO  AbstractHandlerMethodMapping$MappingRegistry.register(AbstractHandlerMethodMapping.java:547) - Mapped "{[/member/delMember.do],methods=[POST]}" onto public java.lang.String com.dialoguespace.member.MemberController.delMember(java.lang.String,java.lang.String) throws java.lang.Exception
[15:18:18.252] INFO  AbstractHandlerMethodMapping$MappingRegistry.register(AbstractHandlerMethodMapping.java:547) - Mapped "{[/member/toViewMember],methods=[GET]}" onto public java.lang.String com.dialoguespace.member.MemberController.toViewMember(java.lang.String,org.springframework.ui.Model) throws java.lang.Exception
[15:18:18.253] INFO  AbstractHandlerMethodMapping$MappingRegistry.register(AbstractHandlerMethodMapping.java:547) - Mapped "{[/member/delPfPhoto],methods=[GET]}" onto public int com.dialoguespace.member.MemberController.delPfPhoto(java.lang.String)
[15:18:18.253] INFO  AbstractHandlerMethodMapping$MappingRegistry.register(AbstractHandlerMethodMapping.java:547) - Mapped "{[/member/signUp],methods=[GET]}" onto public java.lang.String com.dialoguespace.member.MemberController.toSignUp(org.springframework.ui.Model) throws java.security.NoSuchAlgorithmException,java.security.spec.InvalidKeySpecException
[15:18:18.253] INFO  AbstractHandlerMethodMapping$MappingRegistry.register(AbstractHandlerMethodMapping.java:547) - Mapped "{[/member/changePassword.do],methods=[POST]}" onto public java.lang.String com.dialoguespace.member.MemberController.changePassword(java.lang.String,java.lang.String,java.lang.String,org.springframework.ui.Model) throws javax.crypto.NoSuchPaddingException,java.security.NoSuchAlgorithmException,javax.crypto.IllegalBlockSizeException,java.io.UnsupportedEncodingException,java.security.InvalidKeyException,javax.crypto.BadPaddingException
[15:18:18.254] INFO  AbstractHandlerMethodMapping$MappingRegistry.register(AbstractHandlerMethodMapping.java:547) - Mapped "{[/member/editMember.do],methods=[POST]}" onto public java.lang.String com.dialoguespace.member.MemberController.editMember(com.dialoguespace.member.MemberDTO,org.springframework.web.multipart.MultipartFile[],org.springframework.ui.Model) throws java.lang.Exception
[15:18:18.254] INFO  AbstractHandlerMethodMapping$MappingRegistry.register(AbstractHandlerMethodMapping.java:547) - Mapped "{[/member/checkId],methods=[GET]}" onto public int com.dialoguespace.member.MemberController.checkId(java.lang.String) throws java.lang.Exception
[15:18:18.254] INFO  AbstractHandlerMethodMapping$MappingRegistry.register(AbstractHandlerMethodMapping.java:547) - Mapped "{[/member/login.do],methods=[POST]}" onto public java.lang.String com.dialoguespace.member.MemberController.loginProcess(com.dialoguespace.member.MemberDTO,java.lang.String,javax.servlet.http.HttpServletResponse,org.springframework.ui.Model) throws java.lang.Exception
[15:18:18.831] INFO  RequestMappingHandlerAdapter.initControllerAdviceCache(RequestMappingHandlerAdapter.java:574) - Looking for @ControllerAdvice: WebApplicationContext for namespace 'appServlet-servlet': startup date [Tue Dec 19 15:18:17 KST 2023]; parent: Root WebApplicationContext
[15:18:18.907] INFO  RequestMappingHandlerAdapter.initControllerAdviceCache(RequestMappingHandlerAdapter.java:574) - Looking for @ControllerAdvice: WebApplicationContext for namespace 'appServlet-servlet': startup date [Tue Dec 19 15:18:17 KST 2023]; parent: Root WebApplicationContext
[15:18:18.933] INFO  ExceptionHandlerExceptionResolver.initExceptionHandlerAdviceCache(ExceptionHandlerExceptionResolver.java:288) - Detected @ExceptionHandler methods in exceptionController
[15:18:18.990] INFO  AbstractUrlHandlerMapping.registerHandler(AbstractUrlHandlerMapping.java:373) - Mapped URL path [/resources/**] onto handler 'org.springframework.web.servlet.resource.ResourceHttpRequestHandler#0'
[15:18:18.991] INFO  AbstractUrlHandlerMapping.registerHandler(AbstractUrlHandlerMapping.java:373) - Mapped URL path [/repository/**] onto handler 'org.springframework.web.servlet.resource.ResourceHttpRequestHandler#1'
[15:18:19.189] INFO  FrameworkServlet.initServletBean(FrameworkServlet.java:509) - FrameworkServlet 'appServlet': initialization completed in 1975 ms
[15:18:19.380] INFO  HomeController.home(HomeController.java:43) - Welcome home! The client locale is ko_KR.
