[15:25:20.987] INFO  ContextLoader.initWebApplicationContext(ContextLoader.java:270) - Root WebApplicationContext: initialization started
[15:25:21.085] INFO  AbstractApplicationContext.prepareRefresh(AbstractApplicationContext.java:590) - Refreshing Root WebApplicationContext: startup date [Tue Dec 19 15:25:21 KST 2023]; root of context hierarchy
[15:25:21.176] INFO  XmlBeanDefinitionReader.loadBeanDefinitions(XmlBeanDefinitionReader.java:316) - Loading XML bean definitions from ServletContext resource [/WEB-INF/spring/root-context.xml]
[15:25:22.565] INFO  ContextLoader.initWebApplicationContext(ContextLoader.java:310) - Root WebApplicationContext: initialization completed in 1573 ms
[15:25:22.639] INFO  FrameworkServlet.initServletBean(FrameworkServlet.java:494) - FrameworkServlet 'appServlet': initialization started
[15:25:22.643] INFO  AbstractApplicationContext.prepareRefresh(AbstractApplicationContext.java:590) - Refreshing WebApplicationContext for namespace 'appServlet-servlet': startup date [Tue Dec 19 15:25:22 KST 2023]; parent: Root WebApplicationContext
[15:25:22.644] INFO  XmlBeanDefinitionReader.loadBeanDefinitions(XmlBeanDefinitionReader.java:316) - Loading XML bean definitions from ServletContext resource [/WEB-INF/spring/appServlet/servlet-context.xml]
[15:25:23.275] INFO  AutowiredAnnotationBeanPostProcessor.<init>(AutowiredAnnotationBeanPostProcessor.java:154) - JSR-330 'javax.inject.Inject' annotation found and supported for autowiring
[15:25:23.572] INFO  AbstractHandlerMethodMapping$MappingRegistry.register(AbstractHandlerMethodMapping.java:547) - Mapped "{[/board/write.do],methods=[POST]}" onto public java.lang.String com.dialoguespace.board.BoardController.writeArticle(com.dialoguespace.board.BoardDTO,org.springframework.web.multipart.MultipartFile[],org.springframework.ui.Model,javax.servlet.http.HttpServletRequest) throws java.io.IOException
[15:25:23.574] INFO  AbstractHandlerMethodMapping$MappingRegistry.register(AbstractHandlerMethodMapping.java:547) - Mapped "{[/board/toList],methods=[GET]}" onto public java.lang.String com.dialoguespace.board.BoardController.toListPage(java.lang.String,java.lang.String,java.lang.String,int,int,org.springframework.ui.Model) throws java.lang.Exception
[15:25:23.574] INFO  AbstractHandlerMethodMapping$MappingRegistry.register(AbstractHandlerMethodMapping.java:547) - Mapped "{[/board/toWrite],methods=[GET]}" onto public java.lang.String com.dialoguespace.board.BoardController.toWritePage(int,java.lang.String,java.lang.String,org.springframework.ui.Model)
[15:25:23.575] INFO  AbstractHandlerMethodMapping$MappingRegistry.register(AbstractHandlerMethodMapping.java:547) - Mapped "{[/board/viewArticle],methods=[GET]}" onto public java.lang.String com.dialoguespace.board.BoardController.toViewPage(int,int,org.springframework.ui.Model)
[15:25:23.575] INFO  AbstractHandlerMethodMapping$MappingRegistry.register(AbstractHandlerMethodMapping.java:547) - Mapped "{[/board/edit.do],methods=[POST]}" onto public java.lang.String com.dialoguespace.board.BoardController.editArticle(com.dialoguespace.board.BoardDTO,int,org.springframework.web.multipart.MultipartFile[],java.lang.String[],org.springframework.ui.Model,javax.servlet.http.HttpServletRequest) throws java.lang.Exception
[15:25:23.576] INFO  AbstractHandlerMethodMapping$MappingRegistry.register(AbstractHandlerMethodMapping.java:547) - Mapped "{[/board/delArticle],methods=[GET]}" onto public java.lang.String com.dialoguespace.board.BoardController.delArticle(int,int,char,char)
[15:25:23.576] INFO  AbstractHandlerMethodMapping$MappingRegistry.register(AbstractHandlerMethodMapping.java:547) - Mapped "{[/board/selDelArticle],methods=[POST]}" onto public java.lang.String com.dialoguespace.board.BoardController.selDelArticle(java.lang.String[])
[15:25:23.577] INFO  AbstractHandlerMethodMapping$MappingRegistry.register(AbstractHandlerMethodMapping.java:547) - Mapped "{[/board/editArticle],methods=[GET]}" onto public java.lang.String com.dialoguespace.board.BoardController.toEditPage(int,int,org.springframework.ui.Model)
[15:25:23.582] INFO  AbstractHandlerMethodMapping$MappingRegistry.register(AbstractHandlerMethodMapping.java:547) - Mapped "{[/comment/passwordCheck],methods=[POST]}" onto public int com.dialoguespace.comment.CommentController.passwordCheck(int,int,java.lang.String)
[15:25:23.583] INFO  AbstractHandlerMethodMapping$MappingRegistry.register(AbstractHandlerMethodMapping.java:547) - Mapped "{[/comment/write.do],methods=[POST]}" onto public java.lang.String com.dialoguespace.comment.CommentController.writeComment(com.dialoguespace.comment.CommentDTO,org.springframework.ui.Model)
[15:25:23.583] INFO  AbstractHandlerMethodMapping$MappingRegistry.register(AbstractHandlerMethodMapping.java:547) - Mapped "{[/comment/delete.do],methods=[GET]}" onto public int com.dialoguespace.comment.CommentController.deleteCmt(int,int,int,char)
[15:25:23.584] INFO  AbstractHandlerMethodMapping$MappingRegistry.register(AbstractHandlerMethodMapping.java:547) - Mapped "{[/comment/toPwCheck],methods=[GET]}" onto public java.lang.String com.dialoguespace.comment.CommentController.toPwCheckPage(org.springframework.ui.Model)
[15:25:23.584] INFO  AbstractHandlerMethodMapping$MappingRegistry.register(AbstractHandlerMethodMapping.java:547) - Mapped "{[/comment/listReply],methods=[GET]}" onto public java.util.List<com.dialoguespace.comment.CommentDTO> com.dialoguespace.comment.CommentController.cmtListByPid(int)
[15:25:23.585] INFO  AbstractHandlerMethodMapping$MappingRegistry.register(AbstractHandlerMethodMapping.java:547) - Mapped "{[/comment/editProc.do],methods=[GET]}" onto public int com.dialoguespace.comment.CommentController.editCmt(int,int,java.lang.String)
[15:25:23.585] INFO  AbstractHandlerMethodMapping$MappingRegistry.register(AbstractHandlerMethodMapping.java:547) - Mapped "{[/comment/myList],methods=[GET]}" onto public java.lang.String com.dialoguespace.comment.CommentController.myList(java.lang.String,java.lang.String,int,int,java.lang.String,org.springframework.ui.Model)
[15:25:23.586] INFO  AbstractHandlerMethodMapping$MappingRegistry.register(AbstractHandlerMethodMapping.java:547) - Mapped "{[/comment/searchList],methods=[POST]}" onto public java.util.List<com.dialoguespace.comment.CommentDTO> com.dialoguespace.comment.CommentController.cmtListBySearchcondition(org.springframework.ui.Model)
[15:25:23.587] INFO  AbstractHandlerMethodMapping$MappingRegistry.register(AbstractHandlerMethodMapping.java:547) - Mapped "{[/comment/list],methods=[POST]}" onto public java.util.List<com.dialoguespace.comment.CommentDTO> com.dialoguespace.comment.CommentController.cmtListByBoardseq(int,char,org.springframework.ui.Model)
[15:25:23.588] INFO  AbstractHandlerMethodMapping$MappingRegistry.register(AbstractHandlerMethodMapping.java:547) - Mapped "{[/common/logout],methods=[GET]}" onto public java.lang.String com.dialoguespace.common.CommonController.logout(java.lang.String)
[15:25:23.589] INFO  AbstractHandlerMethodMapping$MappingRegistry.register(AbstractHandlerMethodMapping.java:547) - Mapped "{[/common/delFile],methods=[GET]}" onto public java.lang.String com.dialoguespace.common.CommonController.delFileBySeq(int)
[15:25:23.590] INFO  AbstractHandlerMethodMapping$MappingRegistry.register(AbstractHandlerMethodMapping.java:547) - Mapped "{[/],methods=[GET]}" onto public java.lang.String com.dialoguespace.demo.HomeController.home(java.lang.String,java.util.Locale,org.springframework.ui.Model,javax.servlet.http.HttpServletRequest) throws java.security.NoSuchAlgorithmException,java.security.spec.InvalidKeySpecException
[15:25:23.590] INFO  AbstractHandlerMethodMapping$MappingRegistry.register(AbstractHandlerMethodMapping.java:547) - Mapped "{[/error]}" onto public java.lang.String com.dialoguespace.demo.HomeController.errorPage()
[15:25:23.593] INFO  AbstractHandlerMethodMapping$MappingRegistry.register(AbstractHandlerMethodMapping.java:547) - Mapped "{[/master/home],methods=[GET]}" onto public java.lang.String com.dialoguespace.master.MasterController.home(org.springframework.ui.Model)
[15:25:23.594] INFO  AbstractHandlerMethodMapping$MappingRegistry.register(AbstractHandlerMethodMapping.java:547) - Mapped "{[/master/toBoardList],methods=[GET]}" onto public java.lang.String com.dialoguespace.master.MasterController.boardList(java.lang.String,java.lang.String,java.lang.String,int,int,org.springframework.ui.Model) throws java.lang.Exception
[15:25:23.594] INFO  AbstractHandlerMethodMapping$MappingRegistry.register(AbstractHandlerMethodMapping.java:547) - Mapped "{[/master/toCommentList],methods=[GET]}" onto public java.lang.String com.dialoguespace.master.MasterController.commentList(org.springframework.ui.Model)
[15:25:23.595] INFO  AbstractHandlerMethodMapping$MappingRegistry.register(AbstractHandlerMethodMapping.java:547) - Mapped "{[/master/toMemberList],methods=[GET]}" onto public java.lang.String com.dialoguespace.master.MasterController.memberList(java.lang.String,java.lang.String,int,int,org.springframework.ui.Model) throws java.lang.Exception
[15:25:23.598] INFO  AbstractHandlerMethodMapping$MappingRegistry.register(AbstractHandlerMethodMapping.java:547) - Mapped "{[/member/list],methods=[GET]}" onto public java.lang.String com.dialoguespace.member.MemberController.toMemberList(java.lang.String,java.lang.String,int,int,org.springframework.ui.Model) throws java.lang.Exception
[15:25:23.599] INFO  AbstractHandlerMethodMapping$MappingRegistry.register(AbstractHandlerMethodMapping.java:547) - Mapped "{[/member/delMember.do],methods=[POST]}" onto public java.lang.String com.dialoguespace.member.MemberController.delMember(java.lang.String,java.lang.String) throws java.lang.Exception
[15:25:23.599] INFO  AbstractHandlerMethodMapping$MappingRegistry.register(AbstractHandlerMethodMapping.java:547) - Mapped "{[/member/editMember.do],methods=[POST]}" onto public java.lang.String com.dialoguespace.member.MemberController.editMember(com.dialoguespace.member.MemberDTO,org.springframework.web.multipart.MultipartFile[],org.springframework.ui.Model) throws java.lang.Exception
[15:25:23.599] INFO  AbstractHandlerMethodMapping$MappingRegistry.register(AbstractHandlerMethodMapping.java:547) - Mapped "{[/member/checkId],methods=[GET]}" onto public int com.dialoguespace.member.MemberController.checkId(java.lang.String) throws java.lang.Exception
[15:25:23.600] INFO  AbstractHandlerMethodMapping$MappingRegistry.register(AbstractHandlerMethodMapping.java:547) - Mapped "{[/member/changePassword.do],methods=[POST]}" onto public java.lang.String com.dialoguespace.member.MemberController.changePassword(java.lang.String,java.lang.String,java.lang.String,org.springframework.ui.Model) throws javax.crypto.NoSuchPaddingException,java.security.NoSuchAlgorithmException,javax.crypto.IllegalBlockSizeException,java.io.UnsupportedEncodingException,java.security.InvalidKeyException,javax.crypto.BadPaddingException
[15:25:23.600] INFO  AbstractHandlerMethodMapping$MappingRegistry.register(AbstractHandlerMethodMapping.java:547) - Mapped "{[/member/signUp],methods=[GET]}" onto public java.lang.String com.dialoguespace.member.MemberController.toSignUp(org.springframework.ui.Model) throws java.security.NoSuchAlgorithmException,java.security.spec.InvalidKeySpecException
[15:25:23.600] INFO  AbstractHandlerMethodMapping$MappingRegistry.register(AbstractHandlerMethodMapping.java:547) - Mapped "{[/member/delPfPhoto],methods=[GET]}" onto public int com.dialoguespace.member.MemberController.delPfPhoto(java.lang.String)
[15:25:23.600] INFO  AbstractHandlerMethodMapping$MappingRegistry.register(AbstractHandlerMethodMapping.java:547) - Mapped "{[/member/insertMember.do],methods=[POST]}" onto public java.lang.String com.dialoguespace.member.MemberController.insertMember(com.dialoguespace.member.MemberDTO,org.springframework.web.multipart.MultipartFile[],javax.servlet.http.HttpServletRequest) throws java.lang.Exception
[15:25:23.601] INFO  AbstractHandlerMethodMapping$MappingRegistry.register(AbstractHandlerMethodMapping.java:547) - Mapped "{[/member/toViewMember],methods=[GET]}" onto public java.lang.String com.dialoguespace.member.MemberController.toViewMember(java.lang.String,org.springframework.ui.Model) throws java.lang.Exception
[15:25:23.601] INFO  AbstractHandlerMethodMapping$MappingRegistry.register(AbstractHandlerMethodMapping.java:547) - Mapped "{[/member/login.do],methods=[POST]}" onto public java.lang.String com.dialoguespace.member.MemberController.loginProcess(com.dialoguespace.member.MemberDTO,java.lang.String,javax.servlet.http.HttpServletResponse,org.springframework.ui.Model) throws java.lang.Exception
[15:25:23.602] INFO  AbstractHandlerMethodMapping$MappingRegistry.register(AbstractHandlerMethodMapping.java:547) - Mapped "{[/member/selDelMember.do],methods=[POST]}" onto public void com.dialoguespace.member.MemberController.selDelMember(java.lang.String[]) throws java.lang.Exception
[15:25:23.602] INFO  AbstractHandlerMethodMapping$MappingRegistry.register(AbstractHandlerMethodMapping.java:547) - Mapped "{[/member/changePassword],methods=[GET]}" onto public java.lang.String com.dialoguespace.member.MemberController.toChangePasswordPop(java.lang.String,org.springframework.ui.Model) throws java.security.NoSuchAlgorithmException,java.security.spec.InvalidKeySpecException
[15:25:24.137] INFO  RequestMappingHandlerAdapter.initControllerAdviceCache(RequestMappingHandlerAdapter.java:574) - Looking for @ControllerAdvice: WebApplicationContext for namespace 'appServlet-servlet': startup date [Tue Dec 19 15:25:22 KST 2023]; parent: Root WebApplicationContext
[15:25:24.209] INFO  RequestMappingHandlerAdapter.initControllerAdviceCache(RequestMappingHandlerAdapter.java:574) - Looking for @ControllerAdvice: WebApplicationContext for namespace 'appServlet-servlet': startup date [Tue Dec 19 15:25:22 KST 2023]; parent: Root WebApplicationContext
[15:25:24.236] INFO  ExceptionHandlerExceptionResolver.initExceptionHandlerAdviceCache(ExceptionHandlerExceptionResolver.java:288) - Detected @ExceptionHandler methods in exceptionController
[15:25:24.296] INFO  AbstractUrlHandlerMapping.registerHandler(AbstractUrlHandlerMapping.java:373) - Mapped URL path [/resources/**] onto handler 'org.springframework.web.servlet.resource.ResourceHttpRequestHandler#0'
[15:25:24.299] INFO  AbstractUrlHandlerMapping.registerHandler(AbstractUrlHandlerMapping.java:373) - Mapped URL path [/repository/**] onto handler 'org.springframework.web.servlet.resource.ResourceHttpRequestHandler#1'
[15:25:24.496] INFO  FrameworkServlet.initServletBean(FrameworkServlet.java:509) - FrameworkServlet 'appServlet': initialization completed in 1855 ms
[15:25:24.679] INFO  HomeController.home(HomeController.java:43) - Welcome home! The client locale is ko_KR.
[15:25:36.107] INFO  HomeController.home(HomeController.java:43) - Welcome home! The client locale is ko_KR.
[15:25:40.707] INFO  MemberController.loginProcess(MemberController.java:261) - 로그인 시 입력한 비밀번호 : Sjpark123!@#
[15:25:40.708] INFO  MemberController.loginProcess(MemberController.java:266) - 로그인 시 입력한 암호화 SHA512 : a993ff2d4caccdd30601dd12029cd8f6d7154d10156ba7f97a811e3adc94c820a5b6d82a9a1d14e5f534748bc62dfdd8db337c3ea4b70afe688b29c0fe3723f0
[15:25:41.006] INFO  Slf4jSpyLogDelegator.connectionOpened(Slf4jSpyLogDelegator.java:541) - 1. Connection opened
[15:25:41.023] INFO  Slf4jSpyLogDelegator.connectionClosed(Slf4jSpyLogDelegator.java:568) - 1. Connection closed
[15:25:41.035] INFO  Slf4jSpyLogDelegator.connectionOpened(Slf4jSpyLogDelegator.java:541) - 2. Connection opened
[15:25:41.041] INFO  Slf4jSpyLogDelegator.connectionOpened(Slf4jSpyLogDelegator.java:541) - 3. Connection opened
[15:25:41.045] INFO  Slf4jSpyLogDelegator.connectionOpened(Slf4jSpyLogDelegator.java:541) - 4. Connection opened
[15:25:41.048] INFO  Slf4jSpyLogDelegator.connectionOpened(Slf4jSpyLogDelegator.java:541) - 5. Connection opened
[15:25:41.051] INFO  Slf4jSpyLogDelegator.connectionOpened(Slf4jSpyLogDelegator.java:541) - 6. Connection opened
[15:25:41.054] INFO  Slf4jSpyLogDelegator.connectionOpened(Slf4jSpyLogDelegator.java:541) - 7. Connection opened
[15:25:41.058] INFO  Slf4jSpyLogDelegator.connectionOpened(Slf4jSpyLogDelegator.java:541) - 8. Connection opened
[15:25:41.061] INFO  Slf4jSpyLogDelegator.connectionOpened(Slf4jSpyLogDelegator.java:541) - 9. Connection opened
