[15:36:40.422] INFO  ContextLoader.initWebApplicationContext(ContextLoader.java:270) - Root WebApplicationContext: initialization started
[15:36:40.517] INFO  AbstractApplicationContext.prepareRefresh(AbstractApplicationContext.java:590) - Refreshing Root WebApplicationContext: startup date [Tue Dec 19 15:36:40 KST 2023]; root of context hierarchy
[15:36:40.612] INFO  XmlBeanDefinitionReader.loadBeanDefinitions(XmlBeanDefinitionReader.java:316) - Loading XML bean definitions from ServletContext resource [/WEB-INF/spring/root-context.xml]
[15:36:42.045] INFO  ContextLoader.initWebApplicationContext(ContextLoader.java:310) - Root WebApplicationContext: initialization completed in 1618 ms
[15:36:42.122] INFO  FrameworkServlet.initServletBean(FrameworkServlet.java:494) - FrameworkServlet 'appServlet': initialization started
[15:36:42.128] INFO  AbstractApplicationContext.prepareRefresh(AbstractApplicationContext.java:590) - Refreshing WebApplicationContext for namespace 'appServlet-servlet': startup date [Tue Dec 19 15:36:42 KST 2023]; parent: Root WebApplicationContext
[15:36:42.128] INFO  XmlBeanDefinitionReader.loadBeanDefinitions(XmlBeanDefinitionReader.java:316) - Loading XML bean definitions from ServletContext resource [/WEB-INF/spring/appServlet/servlet-context.xml]
[15:36:42.830] INFO  AutowiredAnnotationBeanPostProcessor.<init>(AutowiredAnnotationBeanPostProcessor.java:154) - JSR-330 'javax.inject.Inject' annotation found and supported for autowiring
[15:36:43.122] INFO  AbstractHandlerMethodMapping$MappingRegistry.register(AbstractHandlerMethodMapping.java:547) - Mapped "{[/board/toWrite],methods=[GET]}" onto public java.lang.String com.dialoguespace.board.BoardController.toWritePage(int,java.lang.String,java.lang.String,org.springframework.ui.Model)
[15:36:43.124] INFO  AbstractHandlerMethodMapping$MappingRegistry.register(AbstractHandlerMethodMapping.java:547) - Mapped "{[/board/toList],methods=[GET]}" onto public java.lang.String com.dialoguespace.board.BoardController.toListPage(java.lang.String,java.lang.String,java.lang.String,int,int,org.springframework.ui.Model) throws java.lang.Exception
[15:36:43.124] INFO  AbstractHandlerMethodMapping$MappingRegistry.register(AbstractHandlerMethodMapping.java:547) - Mapped "{[/board/edit.do],methods=[POST]}" onto public java.lang.String com.dialoguespace.board.BoardController.editArticle(com.dialoguespace.board.BoardDTO,int,org.springframework.web.multipart.MultipartFile[],java.lang.String[],org.springframework.ui.Model,javax.servlet.http.HttpServletRequest) throws java.lang.Exception
[15:36:43.125] INFO  AbstractHandlerMethodMapping$MappingRegistry.register(AbstractHandlerMethodMapping.java:547) - Mapped "{[/board/write.do],methods=[POST]}" onto public java.lang.String com.dialoguespace.board.BoardController.writeArticle(com.dialoguespace.board.BoardDTO,org.springframework.web.multipart.MultipartFile[],org.springframework.ui.Model,javax.servlet.http.HttpServletRequest) throws java.io.IOException
[15:36:43.125] INFO  AbstractHandlerMethodMapping$MappingRegistry.register(AbstractHandlerMethodMapping.java:547) - Mapped "{[/board/selDelArticle],methods=[POST]}" onto public java.lang.String com.dialoguespace.board.BoardController.selDelArticle(java.lang.String[])
[15:36:43.126] INFO  AbstractHandlerMethodMapping$MappingRegistry.register(AbstractHandlerMethodMapping.java:547) - Mapped "{[/board/viewArticle],methods=[GET]}" onto public java.lang.String com.dialoguespace.board.BoardController.toViewPage(int,int,org.springframework.ui.Model)
[15:36:43.126] INFO  AbstractHandlerMethodMapping$MappingRegistry.register(AbstractHandlerMethodMapping.java:547) - Mapped "{[/board/editArticle],methods=[GET]}" onto public java.lang.String com.dialoguespace.board.BoardController.toEditPage(int,int,org.springframework.ui.Model)
[15:36:43.126] INFO  AbstractHandlerMethodMapping$MappingRegistry.register(AbstractHandlerMethodMapping.java:547) - Mapped "{[/board/delArticle],methods=[GET]}" onto public java.lang.String com.dialoguespace.board.BoardController.delArticle(int,int,char,char)
[15:36:43.132] INFO  AbstractHandlerMethodMapping$MappingRegistry.register(AbstractHandlerMethodMapping.java:547) - Mapped "{[/comment/listReply],methods=[GET]}" onto public java.util.List<com.dialoguespace.comment.CommentDTO> com.dialoguespace.comment.CommentController.cmtListByPid(int)
[15:36:43.133] INFO  AbstractHandlerMethodMapping$MappingRegistry.register(AbstractHandlerMethodMapping.java:547) - Mapped "{[/comment/editProc.do],methods=[GET]}" onto public int com.dialoguespace.comment.CommentController.editCmt(int,int,java.lang.String)
[15:36:43.133] INFO  AbstractHandlerMethodMapping$MappingRegistry.register(AbstractHandlerMethodMapping.java:547) - Mapped "{[/comment/delete.do],methods=[GET]}" onto public int com.dialoguespace.comment.CommentController.deleteCmt(int,int,int,char)
[15:36:43.134] INFO  AbstractHandlerMethodMapping$MappingRegistry.register(AbstractHandlerMethodMapping.java:547) - Mapped "{[/comment/myList],methods=[GET]}" onto public java.lang.String com.dialoguespace.comment.CommentController.myList(java.lang.String,java.lang.String,int,int,java.lang.String,org.springframework.ui.Model)
[15:36:43.134] INFO  AbstractHandlerMethodMapping$MappingRegistry.register(AbstractHandlerMethodMapping.java:547) - Mapped "{[/comment/passwordCheck],methods=[POST]}" onto public int com.dialoguespace.comment.CommentController.passwordCheck(int,int,java.lang.String)
[15:36:43.134] INFO  AbstractHandlerMethodMapping$MappingRegistry.register(AbstractHandlerMethodMapping.java:547) - Mapped "{[/comment/write.do],methods=[POST]}" onto public java.lang.String com.dialoguespace.comment.CommentController.writeComment(com.dialoguespace.comment.CommentDTO,org.springframework.ui.Model)
[15:36:43.135] INFO  AbstractHandlerMethodMapping$MappingRegistry.register(AbstractHandlerMethodMapping.java:547) - Mapped "{[/comment/toPwCheck],methods=[GET]}" onto public java.lang.String com.dialoguespace.comment.CommentController.toPwCheckPage(org.springframework.ui.Model)
[15:36:43.136] INFO  AbstractHandlerMethodMapping$MappingRegistry.register(AbstractHandlerMethodMapping.java:547) - Mapped "{[/comment/searchList],methods=[POST]}" onto public java.util.List<com.dialoguespace.comment.CommentDTO> com.dialoguespace.comment.CommentController.cmtListBySearchcondition(org.springframework.ui.Model)
[15:36:43.137] INFO  AbstractHandlerMethodMapping$MappingRegistry.register(AbstractHandlerMethodMapping.java:547) - Mapped "{[/comment/list],methods=[POST]}" onto public java.util.List<com.dialoguespace.comment.CommentDTO> com.dialoguespace.comment.CommentController.cmtListByBoardseq(int,char,org.springframework.ui.Model)
[15:36:43.138] INFO  AbstractHandlerMethodMapping$MappingRegistry.register(AbstractHandlerMethodMapping.java:547) - Mapped "{[/common/logout],methods=[GET]}" onto public java.lang.String com.dialoguespace.common.CommonController.logout(java.lang.String)
[15:36:43.138] INFO  AbstractHandlerMethodMapping$MappingRegistry.register(AbstractHandlerMethodMapping.java:547) - Mapped "{[/common/delFile],methods=[GET]}" onto public java.lang.String com.dialoguespace.common.CommonController.delFileBySeq(int)
[15:36:43.139] INFO  AbstractHandlerMethodMapping$MappingRegistry.register(AbstractHandlerMethodMapping.java:547) - Mapped "{[/],methods=[GET]}" onto public java.lang.String com.dialoguespace.demo.HomeController.home(java.lang.String,java.util.Locale,org.springframework.ui.Model,javax.servlet.http.HttpServletRequest) throws java.security.NoSuchAlgorithmException,java.security.spec.InvalidKeySpecException
[15:36:43.140] INFO  AbstractHandlerMethodMapping$MappingRegistry.register(AbstractHandlerMethodMapping.java:547) - Mapped "{[/error]}" onto public java.lang.String com.dialoguespace.demo.HomeController.errorPage()
[15:36:43.143] INFO  AbstractHandlerMethodMapping$MappingRegistry.register(AbstractHandlerMethodMapping.java:547) - Mapped "{[/master/home],methods=[GET]}" onto public java.lang.String com.dialoguespace.master.MasterController.home(org.springframework.ui.Model)
[15:36:43.144] INFO  AbstractHandlerMethodMapping$MappingRegistry.register(AbstractHandlerMethodMapping.java:547) - Mapped "{[/master/toCommentList],methods=[GET]}" onto public java.lang.String com.dialoguespace.master.MasterController.commentList(org.springframework.ui.Model)
[15:36:43.144] INFO  AbstractHandlerMethodMapping$MappingRegistry.register(AbstractHandlerMethodMapping.java:547) - Mapped "{[/master/toMemberList],methods=[GET]}" onto public java.lang.String com.dialoguespace.master.MasterController.memberList(java.lang.String,java.lang.String,int,int,org.springframework.ui.Model) throws java.lang.Exception
[15:36:43.145] INFO  AbstractHandlerMethodMapping$MappingRegistry.register(AbstractHandlerMethodMapping.java:547) - Mapped "{[/master/toBoardList],methods=[GET]}" onto public java.lang.String com.dialoguespace.master.MasterController.boardList(java.lang.String,java.lang.String,java.lang.String,int,int,org.springframework.ui.Model) throws java.lang.Exception
[15:36:43.148] INFO  AbstractHandlerMethodMapping$MappingRegistry.register(AbstractHandlerMethodMapping.java:547) - Mapped "{[/member/editMember.do],methods=[POST]}" onto public java.lang.String com.dialoguespace.member.MemberController.editMember(com.dialoguespace.member.MemberDTO,org.springframework.web.multipart.MultipartFile[],org.springframework.ui.Model) throws java.lang.Exception
[15:36:43.149] INFO  AbstractHandlerMethodMapping$MappingRegistry.register(AbstractHandlerMethodMapping.java:547) - Mapped "{[/member/checkId],methods=[GET]}" onto public int com.dialoguespace.member.MemberController.checkId(java.lang.String) throws java.lang.Exception
[15:36:43.149] INFO  AbstractHandlerMethodMapping$MappingRegistry.register(AbstractHandlerMethodMapping.java:547) - Mapped "{[/member/signUp],methods=[GET]}" onto public java.lang.String com.dialoguespace.member.MemberController.toSignUp(org.springframework.ui.Model) throws java.security.NoSuchAlgorithmException,java.security.spec.InvalidKeySpecException
[15:36:43.150] INFO  AbstractHandlerMethodMapping$MappingRegistry.register(AbstractHandlerMethodMapping.java:547) - Mapped "{[/member/toViewMember],methods=[GET]}" onto public java.lang.String com.dialoguespace.member.MemberController.toViewMember(java.lang.String,org.springframework.ui.Model) throws java.lang.Exception
[15:36:43.150] INFO  AbstractHandlerMethodMapping$MappingRegistry.register(AbstractHandlerMethodMapping.java:547) - Mapped "{[/member/login.do],methods=[POST]}" onto public java.lang.String com.dialoguespace.member.MemberController.loginProcess(com.dialoguespace.member.MemberDTO,java.lang.String,javax.servlet.http.HttpServletResponse,org.springframework.ui.Model) throws java.lang.Exception
[15:36:43.151] INFO  AbstractHandlerMethodMapping$MappingRegistry.register(AbstractHandlerMethodMapping.java:547) - Mapped "{[/member/insertMember.do],methods=[POST]}" onto public java.lang.String com.dialoguespace.member.MemberController.insertMember(com.dialoguespace.member.MemberDTO,org.springframework.web.multipart.MultipartFile[],javax.servlet.http.HttpServletRequest) throws java.lang.Exception
[15:36:43.151] INFO  AbstractHandlerMethodMapping$MappingRegistry.register(AbstractHandlerMethodMapping.java:547) - Mapped "{[/member/selDelMember.do],methods=[POST]}" onto public void com.dialoguespace.member.MemberController.selDelMember(java.lang.String[]) throws java.lang.Exception
[15:36:43.151] INFO  AbstractHandlerMethodMapping$MappingRegistry.register(AbstractHandlerMethodMapping.java:547) - Mapped "{[/member/list],methods=[GET]}" onto public java.lang.String com.dialoguespace.member.MemberController.toMemberList(java.lang.String,java.lang.String,int,int,org.springframework.ui.Model) throws java.lang.Exception
[15:36:43.152] INFO  AbstractHandlerMethodMapping$MappingRegistry.register(AbstractHandlerMethodMapping.java:547) - Mapped "{[/member/delMember.do],methods=[POST]}" onto public java.lang.String com.dialoguespace.member.MemberController.delMember(java.lang.String,java.lang.String) throws java.lang.Exception
[15:36:43.152] INFO  AbstractHandlerMethodMapping$MappingRegistry.register(AbstractHandlerMethodMapping.java:547) - Mapped "{[/member/delPfPhoto],methods=[GET]}" onto public int com.dialoguespace.member.MemberController.delPfPhoto(java.lang.String)
[15:36:43.153] INFO  AbstractHandlerMethodMapping$MappingRegistry.register(AbstractHandlerMethodMapping.java:547) - Mapped "{[/member/changePassword.do],methods=[POST]}" onto public java.lang.String com.dialoguespace.member.MemberController.changePassword(java.lang.String,java.lang.String,java.lang.String,org.springframework.ui.Model) throws javax.crypto.NoSuchPaddingException,java.security.NoSuchAlgorithmException,javax.crypto.IllegalBlockSizeException,java.io.UnsupportedEncodingException,java.security.InvalidKeyException,javax.crypto.BadPaddingException
[15:36:43.153] INFO  AbstractHandlerMethodMapping$MappingRegistry.register(AbstractHandlerMethodMapping.java:547) - Mapped "{[/member/changePassword],methods=[GET]}" onto public java.lang.String com.dialoguespace.member.MemberController.toChangePasswordPop(java.lang.String,org.springframework.ui.Model) throws java.security.NoSuchAlgorithmException,java.security.spec.InvalidKeySpecException
[15:36:43.747] INFO  RequestMappingHandlerAdapter.initControllerAdviceCache(RequestMappingHandlerAdapter.java:574) - Looking for @ControllerAdvice: WebApplicationContext for namespace 'appServlet-servlet': startup date [Tue Dec 19 15:36:42 KST 2023]; parent: Root WebApplicationContext
[15:36:43.824] INFO  RequestMappingHandlerAdapter.initControllerAdviceCache(RequestMappingHandlerAdapter.java:574) - Looking for @ControllerAdvice: WebApplicationContext for namespace 'appServlet-servlet': startup date [Tue Dec 19 15:36:42 KST 2023]; parent: Root WebApplicationContext
[15:36:43.851] INFO  ExceptionHandlerExceptionResolver.initExceptionHandlerAdviceCache(ExceptionHandlerExceptionResolver.java:288) - Detected @ExceptionHandler methods in exceptionController
[15:36:43.902] INFO  AbstractUrlHandlerMapping.registerHandler(AbstractUrlHandlerMapping.java:373) - Mapped URL path [/resources/**] onto handler 'org.springframework.web.servlet.resource.ResourceHttpRequestHandler#0'
[15:36:43.904] INFO  AbstractUrlHandlerMapping.registerHandler(AbstractUrlHandlerMapping.java:373) - Mapped URL path [/repository/**] onto handler 'org.springframework.web.servlet.resource.ResourceHttpRequestHandler#1'
[15:36:44.082] INFO  FrameworkServlet.initServletBean(FrameworkServlet.java:509) - FrameworkServlet 'appServlet': initialization completed in 1958 ms
[15:36:44.281] INFO  HomeController.home(HomeController.java:43) - Welcome home! The client locale is ko_KR.
[15:38:12.360] INFO  AbstractApplicationContext.doClose(AbstractApplicationContext.java:993) - Closing WebApplicationContext for namespace 'appServlet-servlet': startup date [Tue Dec 19 15:36:42 KST 2023]; parent: Root WebApplicationContext
[15:38:12.372] INFO  AbstractApplicationContext.doClose(AbstractApplicationContext.java:993) - Closing Root WebApplicationContext: startup date [Tue Dec 19 15:36:40 KST 2023]; root of context hierarchy
[15:38:13.621] INFO  ContextLoader.initWebApplicationContext(ContextLoader.java:270) - Root WebApplicationContext: initialization started
[15:38:13.700] INFO  AbstractApplicationContext.prepareRefresh(AbstractApplicationContext.java:590) - Refreshing Root WebApplicationContext: startup date [Tue Dec 19 15:38:13 KST 2023]; root of context hierarchy
[15:38:13.768] INFO  XmlBeanDefinitionReader.loadBeanDefinitions(XmlBeanDefinitionReader.java:316) - Loading XML bean definitions from ServletContext resource [/WEB-INF/spring/root-context.xml]
[15:38:14.452] INFO  ContextLoader.initWebApplicationContext(ContextLoader.java:310) - Root WebApplicationContext: initialization completed in 828 ms
[15:38:14.506] INFO  FrameworkServlet.initServletBean(FrameworkServlet.java:494) - FrameworkServlet 'appServlet': initialization started
[15:38:14.509] INFO  AbstractApplicationContext.prepareRefresh(AbstractApplicationContext.java:590) - Refreshing WebApplicationContext for namespace 'appServlet-servlet': startup date [Tue Dec 19 15:38:14 KST 2023]; parent: Root WebApplicationContext
[15:38:14.509] INFO  XmlBeanDefinitionReader.loadBeanDefinitions(XmlBeanDefinitionReader.java:316) - Loading XML bean definitions from ServletContext resource [/WEB-INF/spring/appServlet/servlet-context.xml]
[15:38:15.055] INFO  AutowiredAnnotationBeanPostProcessor.<init>(AutowiredAnnotationBeanPostProcessor.java:154) - JSR-330 'javax.inject.Inject' annotation found and supported for autowiring
